{
"contracts/deploy/IONBridgeRouterHardhatDeployer.sol":{"l":{"60":1,"63":1,"64":1,"67":1,"72":1,"79":1,"85":1,"98":1,"104":0,"110":1,"116":1},"path":"/data/WORKSPACE/LeftClick.io/ion-ice-swap-solidity/contracts/deploy/IONBridgeRouterHardhatDeployer.sol","s":{"1":1,"2":1,"3":1,"4":1,"5":0,"6":1,"7":1},"b":{},"f":{"1":1,"2":1,"3":0,"4":1,"5":1},"fnMap":{"1":{"name":"constructor","line":58,"loc":{"start":{"line":58,"column":4},"end":{"line":93,"column":4}}},"2":{"name":"getICEToken","line":97,"loc":{"start":{"line":97,"column":4},"end":{"line":99,"column":4}}},"3":{"name":"getBridge","line":103,"loc":{"start":{"line":103,"column":4},"end":{"line":105,"column":4}}},"4":{"name":"getIONSwap","line":109,"loc":{"start":{"line":109,"column":4},"end":{"line":111,"column":4}}},"5":{"name":"getIONBridgeRouter","line":115,"loc":{"start":{"line":115,"column":4},"end":{"line":117,"column":4}}}},"statementMap":{"1":{"start":{"line":64,"column":8},"end":{"line":64,"column":48}},"2":{"start":{"line":72,"column":8},"end":{"line":72,"column":2968}},"3":{"start":{"line":85,"column":8},"end":{"line":85,"column":3361}},"4":{"start":{"line":98,"column":8},"end":{"line":98,"column":32}},"5":{"start":{"line":104,"column":8},"end":{"line":104,"column":37}},"6":{"start":{"line":110,"column":8},"end":{"line":110,"column":31}},"7":{"start":{"line":116,"column":8},"end":{"line":116,"column":39}}},"branchMap":{}},
"contracts/deploy/IONBridgeRouterMainnetDeployer.sol":{"l":{"53":0,"60":0,"67":0,"75":0,"86":0,"92":0,"98":0,"104":0,"110":0,"116":0,"123":0,"124":0},"path":"/data/WORKSPACE/LeftClick.io/ion-ice-swap-solidity/contracts/deploy/IONBridgeRouterMainnetDeployer.sol","s":{"1":0,"2":0,"3":0,"4":0,"5":0,"6":0,"7":0,"8":0},"b":{},"f":{"1":0,"2":0,"3":0,"4":0,"5":0,"6":0,"7":0,"8":0},"fnMap":{"1":{"name":"constructor","line":51,"loc":{"start":{"line":51,"column":4},"end":{"line":81,"column":4}}},"2":{"name":"getMultiSigWallet","line":85,"loc":{"start":{"line":85,"column":4},"end":{"line":87,"column":4}}},"3":{"name":"getIONSwap","line":91,"loc":{"start":{"line":91,"column":4},"end":{"line":93,"column":4}}},"4":{"name":"getIONBridgeRouter","line":97,"loc":{"start":{"line":97,"column":4},"end":{"line":99,"column":4}}},"5":{"name":"getIONBridge","line":103,"loc":{"start":{"line":103,"column":4},"end":{"line":105,"column":4}}},"6":{"name":"getPooledToken","line":109,"loc":{"start":{"line":109,"column":4},"end":{"line":111,"column":4}}},"7":{"name":"getOtherToken","line":115,"loc":{"start":{"line":115,"column":4},"end":{"line":117,"column":4}}},"8":{"name":"liquidity","line":122,"loc":{"start":{"line":122,"column":4},"end":{"line":125,"column":4}}}},"statementMap":{"1":{"start":{"line":60,"column":8},"end":{"line":60,"column":2637}},"2":{"start":{"line":75,"column":8},"end":{"line":75,"column":3057}},"3":{"start":{"line":86,"column":8},"end":{"line":86,"column":41}},"4":{"start":{"line":92,"column":8},"end":{"line":92,"column":31}},"5":{"start":{"line":98,"column":8},"end":{"line":98,"column":39}},"6":{"start":{"line":104,"column":8},"end":{"line":104,"column":28}},"7":{"start":{"line":110,"column":8},"end":{"line":110,"column":28}},"8":{"start":{"line":116,"column":8},"end":{"line":116,"column":32}}},"branchMap":{}},
"contracts/deploy/IONBridgeRouterTestnetDeployer.sol":{"l":{"52":0,"59":0,"66":0,"74":0,"85":0,"91":0,"97":0,"103":0,"109":0,"115":0,"122":0,"123":0},"path":"/data/WORKSPACE/LeftClick.io/ion-ice-swap-solidity/contracts/deploy/IONBridgeRouterTestnetDeployer.sol","s":{"1":0,"2":0,"3":0,"4":0,"5":0,"6":0,"7":0,"8":0},"b":{},"f":{"1":0,"2":0,"3":0,"4":0,"5":0,"6":0,"7":0,"8":0},"fnMap":{"1":{"name":"constructor","line":50,"loc":{"start":{"line":50,"column":4},"end":{"line":80,"column":4}}},"2":{"name":"getMultiSigWallet","line":84,"loc":{"start":{"line":84,"column":4},"end":{"line":86,"column":4}}},"3":{"name":"getIONSwap","line":90,"loc":{"start":{"line":90,"column":4},"end":{"line":92,"column":4}}},"4":{"name":"getIONBridgeRouter","line":96,"loc":{"start":{"line":96,"column":4},"end":{"line":98,"column":4}}},"5":{"name":"getIONBridge","line":102,"loc":{"start":{"line":102,"column":4},"end":{"line":104,"column":4}}},"6":{"name":"getPooledToken","line":108,"loc":{"start":{"line":108,"column":4},"end":{"line":110,"column":4}}},"7":{"name":"getOtherToken","line":114,"loc":{"start":{"line":114,"column":4},"end":{"line":116,"column":4}}},"8":{"name":"liquidity","line":121,"loc":{"start":{"line":121,"column":4},"end":{"line":124,"column":4}}}},"statementMap":{"1":{"start":{"line":59,"column":8},"end":{"line":59,"column":2505}},"2":{"start":{"line":74,"column":8},"end":{"line":74,"column":2925}},"3":{"start":{"line":85,"column":8},"end":{"line":85,"column":41}},"4":{"start":{"line":91,"column":8},"end":{"line":91,"column":31}},"5":{"start":{"line":97,"column":8},"end":{"line":97,"column":39}},"6":{"start":{"line":103,"column":8},"end":{"line":103,"column":28}},"7":{"start":{"line":109,"column":8},"end":{"line":109,"column":28}},"8":{"start":{"line":115,"column":8},"end":{"line":115,"column":32}}},"branchMap":{}},
"contracts/ion-bridge-router/IIONBridge.sol":{"l":{},"path":"/data/WORKSPACE/LeftClick.io/ion-ice-swap-solidity/contracts/ion-bridge-router/IIONBridge.sol","s":{},"b":{},"f":{},"fnMap":{},"statementMap":{},"branchMap":{}},
"contracts/ion-bridge-router/IONBridgeRouter.sol":{"l":{"67":12,"68":11,"69":10,"70":9,"72":8,"73":8,"74":8,"75":8,"85":4,"86":1,"90":3,"93":1,"96":1,"99":1,"113":2,"114":1,"118":1,"120":1,"123":1,"126":1,"129":1,"140":3,"143":1,"146":1,"149":1,"162":1,"165":1,"168":1,"171":1},"path":"/data/WORKSPACE/LeftClick.io/ion-ice-swap-solidity/contracts/ion-bridge-router/IONBridgeRouter.sol","s":{"1":12,"2":11,"3":10,"4":9,"5":4,"6":3,"7":1,"8":1,"9":1,"10":2,"11":1,"12":1,"13":1,"14":1,"15":1,"16":3,"17":1,"18":1,"19":1,"20":1,"21":1},"b":{"1":[11,1],"2":[10,1],"3":[9,1],"4":[8,1],"5":[1,3],"6":[1,1]},"f":{"1":12,"2":4,"3":2,"4":3,"5":1},"fnMap":{"1":{"name":"constructor","line":61,"loc":{"start":{"line":61,"column":4},"end":{"line":76,"column":4}}},"2":{"name":"burn","line":83,"loc":{"start":{"line":83,"column":4},"end":{"line":100,"column":4}}},"3":{"name":"voteForMinting","line":110,"loc":{"start":{"line":107,"column":4},"end":{"line":130,"column":4}}},"4":{"name":"_swapIceV1ToV2","line":137,"loc":{"start":{"line":137,"column":4},"end":{"line":152,"column":4}}},"5":{"name":"_swapIceV2ToV1","line":159,"loc":{"start":{"line":159,"column":4},"end":{"line":174,"column":4}}}},"statementMap":{"1":{"start":{"line":67,"column":8},"end":{"line":67,"column":68}},"2":{"start":{"line":68,"column":8},"end":{"line":68,"column":68}},"3":{"start":{"line":69,"column":8},"end":{"line":69,"column":72}},"4":{"start":{"line":70,"column":8},"end":{"line":70,"column":74}},"5":{"start":{"line":85,"column":8},"end":{"line":85,"column":3298}},"6":{"start":{"line":90,"column":8},"end":{"line":90,"column":52}},"7":{"start":{"line":93,"column":8},"end":{"line":93,"column":66}},"8":{"start":{"line":96,"column":8},"end":{"line":96,"column":37}},"9":{"start":{"line":99,"column":8},"end":{"line":99,"column":56}},"10":{"start":{"line":113,"column":8},"end":{"line":113,"column":4327}},"11":{"start":{"line":118,"column":8},"end":{"line":118,"column":46}},"12":{"start":{"line":120,"column":8},"end":{"line":120,"column":41}},"13":{"start":{"line":123,"column":8},"end":{"line":123,"column":57}},"14":{"start":{"line":126,"column":8},"end":{"line":126,"column":50}},"15":{"start":{"line":129,"column":8},"end":{"line":129,"column":63}},"16":{"start":{"line":140,"column":8},"end":{"line":140,"column":64}},"17":{"start":{"line":143,"column":8},"end":{"line":143,"column":62}},"18":{"start":{"line":146,"column":8},"end":{"line":146,"column":33}},"19":{"start":{"line":162,"column":8},"end":{"line":162,"column":69}},"20":{"start":{"line":165,"column":8},"end":{"line":165,"column":67}},"21":{"start":{"line":168,"column":8},"end":{"line":168,"column":42}}},"branchMap":{"1":{"line":67,"type":"if","locations":[{"start":{"line":67,"column":8},"end":{"line":67,"column":8}},{"start":{"line":67,"column":8},"end":{"line":67,"column":8}}]},"2":{"line":68,"type":"if","locations":[{"start":{"line":68,"column":8},"end":{"line":68,"column":8}},{"start":{"line":68,"column":8},"end":{"line":68,"column":8}}]},"3":{"line":69,"type":"if","locations":[{"start":{"line":69,"column":8},"end":{"line":69,"column":8}},{"start":{"line":69,"column":8},"end":{"line":69,"column":8}}]},"4":{"line":70,"type":"if","locations":[{"start":{"line":70,"column":8},"end":{"line":70,"column":8}},{"start":{"line":70,"column":8},"end":{"line":70,"column":8}}]},"5":{"line":85,"type":"if","locations":[{"start":{"line":85,"column":8},"end":{"line":85,"column":8}},{"start":{"line":85,"column":8},"end":{"line":85,"column":8}}]},"6":{"line":113,"type":"if","locations":[{"start":{"line":113,"column":8},"end":{"line":113,"column":8}},{"start":{"line":113,"column":8},"end":{"line":113,"column":8}}]}}},
"contracts/swap/IONSwap.sol":{"l":{"106":35,"107":1,"110":34,"111":1,"114":33,"115":1,"118":32,"119":32,"121":32,"122":32,"123":32,"124":32,"134":8,"135":1,"138":7,"139":7,"140":2,"143":5,"144":1,"148":4,"151":2,"153":2,"163":8,"164":1,"167":7,"168":7,"169":1,"172":6,"173":1,"177":5,"180":3,"182":3,"192":9,"202":9,"218":4,"219":0,"222":4,"223":1,"226":3,"227":1,"230":2,"232":2,"247":1,"260":1,"269":1},"path":"/data/WORKSPACE/LeftClick.io/ion-ice-swap-solidity/contracts/swap/IONSwap.sol","s":{"1":35,"2":34,"3":33,"4":32,"5":32,"6":8,"7":7,"8":7,"9":5,"10":4,"11":2,"12":2,"13":8,"14":7,"15":7,"16":6,"17":5,"18":3,"19":3,"20":4,"21":4,"22":3,"23":2,"24":2,"25":1},"b":{"1":[1,34],"2":[1,33],"3":[1,32],"4":[1,7],"5":[2,5],"6":[1,4],"7":[1,7],"8":[1,6],"9":[1,5],"10":[4,1],"11":[0,4],"12":[1,3],"13":[1,2]},"f":{"1":35,"2":8,"3":8,"4":9,"5":9,"6":4,"7":1,"8":1},"fnMap":{"1":{"name":"constructor","line":104,"loc":{"start":{"line":104,"column":4},"end":{"line":125,"column":4}}},"2":{"name":"swapTokens","line":132,"loc":{"start":{"line":132,"column":4},"end":{"line":154,"column":4}}},"3":{"name":"swapTokensBack","line":161,"loc":{"start":{"line":161,"column":4},"end":{"line":183,"column":4}}},"4":{"name":"getPooledAmountOut","line":191,"loc":{"start":{"line":191,"column":4},"end":{"line":193,"column":4}}},"5":{"name":"getOtherAmountOut","line":201,"loc":{"start":{"line":201,"column":4},"end":{"line":203,"column":4}}},"6":{"name":"withdrawLiquidity","line":216,"loc":{"start":{"line":216,"column":4},"end":{"line":233,"column":4}}},"7":{"name":"withdrawLiquidityGetData","line":242,"loc":{"start":{"line":242,"column":4},"end":{"line":253,"column":4}}},"8":{"name":null,"line":268,"loc":{"start":{"line":268,"column":4},"end":{"line":270,"column":4}}}},"statementMap":{"1":{"start":{"line":106,"column":8},"end":{"line":106,"column":4793}},"2":{"start":{"line":110,"column":8},"end":{"line":110,"column":4913}},"3":{"start":{"line":114,"column":8},"end":{"line":114,"column":5031}},"4":{"start":{"line":118,"column":8},"end":{"line":118,"column":80}},"5":{"start":{"line":119,"column":8},"end":{"line":119,"column":78}},"6":{"start":{"line":134,"column":8},"end":{"line":134,"column":5803}},"7":{"start":{"line":138,"column":8},"end":{"line":138,"column":61}},"8":{"start":{"line":139,"column":8},"end":{"line":139,"column":5942}},"9":{"start":{"line":143,"column":8},"end":{"line":143,"column":6028}},"10":{"start":{"line":148,"column":8},"end":{"line":148,"column":81}},"11":{"start":{"line":151,"column":8},"end":{"line":151,"column":71}},"12":{"start":{"line":153,"column":8},"end":{"line":153,"column":57}},"13":{"start":{"line":163,"column":8},"end":{"line":163,"column":6851}},"14":{"start":{"line":167,"column":8},"end":{"line":167,"column":59}},"15":{"start":{"line":168,"column":8},"end":{"line":168,"column":6988}},"16":{"start":{"line":172,"column":8},"end":{"line":172,"column":7073}},"17":{"start":{"line":177,"column":8},"end":{"line":177,"column":82}},"18":{"start":{"line":180,"column":8},"end":{"line":180,"column":69}},"19":{"start":{"line":182,"column":8},"end":{"line":182,"column":60}},"20":{"start":{"line":218,"column":8},"end":{"line":218,"column":9246}},"21":{"start":{"line":222,"column":8},"end":{"line":222,"column":9341}},"22":{"start":{"line":226,"column":8},"end":{"line":226,"column":9421}},"23":{"start":{"line":230,"column":8},"end":{"line":230,"column":57}},"24":{"start":{"line":232,"column":8},"end":{"line":232,"column":56}},"25":{"start":{"line":247,"column":8},"end":{"line":247,"column":10192}}},"branchMap":{"1":{"line":106,"type":"if","locations":[{"start":{"line":106,"column":8},"end":{"line":106,"column":8}},{"start":{"line":106,"column":8},"end":{"line":106,"column":8}}]},"2":{"line":110,"type":"if","locations":[{"start":{"line":110,"column":8},"end":{"line":110,"column":8}},{"start":{"line":110,"column":8},"end":{"line":110,"column":8}}]},"3":{"line":114,"type":"if","locations":[{"start":{"line":114,"column":8},"end":{"line":114,"column":8}},{"start":{"line":114,"column":8},"end":{"line":114,"column":8}}]},"4":{"line":134,"type":"if","locations":[{"start":{"line":134,"column":8},"end":{"line":134,"column":8}},{"start":{"line":134,"column":8},"end":{"line":134,"column":8}}]},"5":{"line":139,"type":"if","locations":[{"start":{"line":139,"column":8},"end":{"line":139,"column":8}},{"start":{"line":139,"column":8},"end":{"line":139,"column":8}}]},"6":{"line":143,"type":"if","locations":[{"start":{"line":143,"column":8},"end":{"line":143,"column":8}},{"start":{"line":143,"column":8},"end":{"line":143,"column":8}}]},"7":{"line":163,"type":"if","locations":[{"start":{"line":163,"column":8},"end":{"line":163,"column":8}},{"start":{"line":163,"column":8},"end":{"line":163,"column":8}}]},"8":{"line":168,"type":"if","locations":[{"start":{"line":168,"column":8},"end":{"line":168,"column":8}},{"start":{"line":168,"column":8},"end":{"line":168,"column":8}}]},"9":{"line":172,"type":"if","locations":[{"start":{"line":172,"column":8},"end":{"line":172,"column":8}},{"start":{"line":172,"column":8},"end":{"line":172,"column":8}}]},"10":{"line":216,"type":"if","locations":[{"start":{"line":216,"column":91},"end":{"line":216,"column":91}},{"start":{"line":216,"column":91},"end":{"line":216,"column":91}}]},"11":{"line":218,"type":"if","locations":[{"start":{"line":218,"column":8},"end":{"line":218,"column":8}},{"start":{"line":218,"column":8},"end":{"line":218,"column":8}}]},"12":{"line":222,"type":"if","locations":[{"start":{"line":222,"column":8},"end":{"line":222,"column":8}},{"start":{"line":222,"column":8},"end":{"line":222,"column":8}}]},"13":{"line":226,"type":"if","locations":[{"start":{"line":226,"column":8},"end":{"line":226,"column":8}},{"start":{"line":226,"column":8},"end":{"line":226,"column":8}}]}}},
"contracts/test/ERC20Mock.sol":{"l":{"14":59,"18":96,"22":56},"path":"/data/WORKSPACE/LeftClick.io/ion-ice-swap-solidity/contracts/test/ERC20Mock.sol","s":{"1":96,"2":56},"b":{},"f":{"1":59,"2":96,"3":56},"fnMap":{"1":{"name":"constructor","line":13,"loc":{"start":{"line":9,"column":4},"end":{"line":15,"column":4}}},"2":{"name":"mint","line":17,"loc":{"start":{"line":17,"column":4},"end":{"line":19,"column":4}}},"3":{"name":"decimals","line":21,"loc":{"start":{"line":21,"column":4},"end":{"line":23,"column":4}}}},"statementMap":{"1":{"start":{"line":18,"column":8},"end":{"line":18,"column":24}},"2":{"start":{"line":22,"column":8},"end":{"line":22,"column":24}}},"branchMap":{}}}
