TN:
SF:/data/WORKSPACE/LeftClick.io/ion-ice-swap-solidity/contracts/deploy/IONBridgeRouterHardhatDeployer.sol
FN:58,constructor
FN:97,getICEToken
FN:103,getBridge
FN:109,getIONSwap
FN:115,getIONBridgeRouter
FNF:5
FNH:4
FNDA:1,constructor
FNDA:1,getICEToken
FNDA:0,getBridge
FNDA:1,getIONSwap
FNDA:1,getIONBridgeRouter
DA:60,1
DA:63,1
DA:64,1
DA:67,1
DA:72,1
DA:79,1
DA:85,1
DA:98,1
DA:104,0
DA:110,1
DA:116,1
LF:11
LH:10
BRF:0
BRH:0
end_of_record
TN:
SF:/data/WORKSPACE/LeftClick.io/ion-ice-swap-solidity/contracts/deploy/IONBridgeRouterMainnetDeployer.sol
FN:50,constructor
FN:84,getMultiSigWallet
FN:90,getIONSwap
FN:96,getIONBridgeRouter
FN:102,getIONBridge
FN:108,getPooledToken
FN:114,getOtherToken
FN:121,liquidity
FNF:8
FNH:0
FNDA:0,constructor
FNDA:0,getMultiSigWallet
FNDA:0,getIONSwap
FNDA:0,getIONBridgeRouter
FNDA:0,getIONBridge
FNDA:0,getPooledToken
FNDA:0,getOtherToken
FNDA:0,liquidity
DA:52,0
DA:59,0
DA:66,0
DA:74,0
DA:85,0
DA:91,0
DA:97,0
DA:103,0
DA:109,0
DA:115,0
DA:122,0
DA:123,0
LF:12
LH:0
BRF:0
BRH:0
end_of_record
TN:
SF:/data/WORKSPACE/LeftClick.io/ion-ice-swap-solidity/contracts/deploy/IONBridgeRouterTestnetDeployer.sol
FN:50,constructor
FN:84,getMultiSigWallet
FN:90,getIONSwap
FN:96,getIONBridgeRouter
FN:102,getIONBridge
FN:108,getPooledToken
FN:114,getOtherToken
FN:121,liquidity
FNF:8
FNH:0
FNDA:0,constructor
FNDA:0,getMultiSigWallet
FNDA:0,getIONSwap
FNDA:0,getIONBridgeRouter
FNDA:0,getIONBridge
FNDA:0,getPooledToken
FNDA:0,getOtherToken
FNDA:0,liquidity
DA:52,0
DA:59,0
DA:66,0
DA:74,0
DA:85,0
DA:91,0
DA:97,0
DA:103,0
DA:109,0
DA:115,0
DA:122,0
DA:123,0
LF:12
LH:0
BRF:0
BRH:0
end_of_record
TN:
SF:/data/WORKSPACE/LeftClick.io/ion-ice-swap-solidity/contracts/ion-bridge-router/IIONBridge.sol
FNF:0
FNH:0
LF:0
LH:0
BRF:0
BRH:0
end_of_record
TN:
SF:/data/WORKSPACE/LeftClick.io/ion-ice-swap-solidity/contracts/ion-bridge-router/IONBridgeRouter.sol
FN:61,constructor
FN:83,burn
FN:110,voteForMinting
FN:137,_swapIceV1ToV2
FN:159,_swapIceV2ToV1
FNF:5
FNH:5
FNDA:12,constructor
FNDA:4,burn
FNDA:2,voteForMinting
FNDA:3,_swapIceV1ToV2
FNDA:1,_swapIceV2ToV1
DA:67,12
DA:68,11
DA:69,10
DA:70,9
DA:72,8
DA:73,8
DA:74,8
DA:75,8
DA:85,4
DA:86,1
DA:90,3
DA:93,1
DA:96,1
DA:99,1
DA:113,2
DA:114,1
DA:118,1
DA:120,1
DA:123,1
DA:126,1
DA:129,1
DA:140,3
DA:143,1
DA:146,1
DA:149,1
DA:162,1
DA:165,1
DA:168,1
DA:171,1
LF:29
LH:29
BRDA:67,1,0,11
BRDA:67,1,1,1
BRDA:68,2,0,10
BRDA:68,2,1,1
BRDA:69,3,0,9
BRDA:69,3,1,1
BRDA:70,4,0,8
BRDA:70,4,1,1
BRDA:85,5,0,1
BRDA:85,5,1,3
BRDA:113,6,0,1
BRDA:113,6,1,1
BRF:12
BRH:12
end_of_record
TN:
SF:/data/WORKSPACE/LeftClick.io/ion-ice-swap-solidity/contracts/swap/IONSwap.sol
FN:111,constructor
FN:151,swapTokens
FN:192,swapTokensBack
FN:222,getPooledAmountOut
FN:232,getOtherAmountOut
FN:247,withdrawLiquidity
FN:273,withdrawLiquidityGetData
FN:297,
FNF:8
FNH:8
FNDA:35,constructor
FNDA:8,swapTokens
FNDA:8,swapTokensBack
FNDA:9,getPooledAmountOut
FNDA:9,getOtherAmountOut
FNDA:4,withdrawLiquidity
FNDA:1,withdrawLiquidityGetData
FNDA:1,
DA:113,35
DA:114,1
DA:117,34
DA:118,1
DA:121,33
DA:122,1
DA:125,32
DA:126,32
DA:128,32
DA:129,32
DA:130,32
DA:131,32
DA:153,8
DA:154,1
DA:157,7
DA:158,7
DA:159,2
DA:162,5
DA:163,1
DA:167,4
DA:170,2
DA:172,2
DA:194,8
DA:195,1
DA:198,7
DA:199,7
DA:200,1
DA:203,6
DA:204,1
DA:208,5
DA:211,3
DA:213,3
DA:223,9
DA:233,9
DA:249,4
DA:250,0
DA:253,4
DA:254,1
DA:257,3
DA:258,1
DA:261,2
DA:263,2
DA:278,1
DA:289,1
DA:298,1
LF:45
LH:44
BRDA:113,1,0,1
BRDA:113,1,1,34
BRDA:117,2,0,1
BRDA:117,2,1,33
BRDA:121,3,0,1
BRDA:121,3,1,32
BRDA:153,4,0,1
BRDA:153,4,1,7
BRDA:158,5,0,2
BRDA:158,5,1,5
BRDA:162,6,0,1
BRDA:162,6,1,4
BRDA:194,7,0,1
BRDA:194,7,1,7
BRDA:199,8,0,1
BRDA:199,8,1,6
BRDA:203,9,0,1
BRDA:203,9,1,5
BRDA:247,10,0,4
BRDA:247,10,1,1
BRDA:249,11,0,0
BRDA:249,11,1,4
BRDA:253,12,0,1
BRDA:253,12,1,3
BRDA:257,13,0,1
BRDA:257,13,1,2
BRF:26
BRH:25
end_of_record
TN:
SF:/data/WORKSPACE/LeftClick.io/ion-ice-swap-solidity/contracts/test/ERC20Mock.sol
FN:13,constructor
FN:17,mint
FN:21,decimals
FNF:3
FNH:3
FNDA:59,constructor
FNDA:96,mint
FNDA:56,decimals
DA:14,59
DA:18,96
DA:22,56
LF:3
LH:3
BRF:0
BRH:0
end_of_record
