TN:
SF:/data/WORKSPACE/LeftClick.io/ice-swap/contracts/deploy/IONBridgeRouterHardhatDeployer.sol
FN:53,constructor
FNF:1
FNH:1
FNDA:1,constructor
DA:55,1
DA:58,1
DA:59,1
DA:62,1
DA:66,1
DA:72,1
DA:78,1
LF:7
LH:7
BRF:0
BRH:0
end_of_record
TN:
SF:/data/WORKSPACE/LeftClick.io/ice-swap/contracts/deploy/IONBridgeRouterMainnetDeployer.sol
FN:45,constructor
FN:78,liquidity
FNF:2
FNH:0
FNDA:0,constructor
FNDA:0,liquidity
DA:47,0
DA:53,0
DA:59,0
DA:67,0
DA:79,0
DA:80,0
LF:6
LH:0
BRF:0
BRH:0
end_of_record
TN:
SF:/data/WORKSPACE/LeftClick.io/ice-swap/contracts/deploy/IONBridgeRouterTestnetDeployer.sol
FN:46,constructor
FN:79,liquidity
FNF:2
FNH:0
FNDA:0,constructor
FNDA:0,liquidity
DA:48,0
DA:54,0
DA:60,0
DA:68,0
DA:80,0
DA:81,0
LF:6
LH:0
BRF:0
BRH:0
end_of_record
TN:
SF:/data/WORKSPACE/LeftClick.io/ice-swap/contracts/ion-bridge-router/IIONBridge.sol
FNF:0
FNH:0
LF:0
LH:0
BRF:0
BRH:0
end_of_record
TN:
SF:/data/WORKSPACE/LeftClick.io/ice-swap/contracts/ion-bridge-router/IONBridgeRouter.sol
FN:61,constructor
FN:83,burn
FN:110,voteForMinting
FN:137,_swapIceV1ToV2
FN:159,_swapIceV2ToV1
FNF:5
FNH:5
FNDA:12,constructor
FNDA:4,burn
FNDA:2,voteForMinting
FNDA:3,_swapIceV1ToV2
FNDA:1,_swapIceV2ToV1
DA:67,12
DA:68,11
DA:69,10
DA:70,9
DA:72,8
DA:73,8
DA:74,8
DA:75,8
DA:85,4
DA:86,1
DA:90,3
DA:93,1
DA:96,1
DA:99,1
DA:113,2
DA:114,1
DA:118,1
DA:120,1
DA:123,1
DA:126,1
DA:129,1
DA:140,3
DA:143,1
DA:146,1
DA:149,1
DA:162,1
DA:165,1
DA:168,1
DA:171,1
LF:29
LH:29
BRDA:67,1,0,11
BRDA:67,1,1,1
BRDA:68,2,0,10
BRDA:68,2,1,1
BRDA:69,3,0,9
BRDA:69,3,1,1
BRDA:70,4,0,8
BRDA:70,4,1,1
BRDA:85,5,0,1
BRDA:85,5,1,3
BRDA:113,6,0,1
BRDA:113,6,1,1
BRF:12
BRH:12
end_of_record
TN:
SF:/data/WORKSPACE/LeftClick.io/ice-swap/contracts/swap/IONSwap.sol
FN:91,constructor
FN:131,swapTokens
FN:172,swapTokensBack
FN:202,getPooledAmountOut
FN:212,getOtherAmountOut
FN:229,
FNF:6
FNH:6
FNDA:29,constructor
FNDA:8,swapTokens
FNDA:8,swapTokensBack
FNDA:9,getPooledAmountOut
FNDA:9,getOtherAmountOut
FNDA:1,
DA:93,29
DA:94,1
DA:97,28
DA:98,1
DA:101,27
DA:102,1
DA:105,26
DA:106,26
DA:108,26
DA:109,26
DA:110,26
DA:111,26
DA:133,8
DA:134,1
DA:137,7
DA:138,7
DA:139,2
DA:142,5
DA:143,1
DA:147,4
DA:150,2
DA:152,2
DA:174,8
DA:175,1
DA:178,7
DA:179,7
DA:180,1
DA:183,6
DA:184,1
DA:188,5
DA:191,3
DA:193,3
DA:203,9
DA:213,9
DA:221,1
DA:230,1
LF:36
LH:36
BRDA:93,1,0,1
BRDA:93,1,1,28
BRDA:97,2,0,1
BRDA:97,2,1,27
BRDA:101,3,0,1
BRDA:101,3,1,26
BRDA:133,4,0,1
BRDA:133,4,1,7
BRDA:138,5,0,2
BRDA:138,5,1,5
BRDA:142,6,0,1
BRDA:142,6,1,4
BRDA:174,7,0,1
BRDA:174,7,1,7
BRDA:179,8,0,1
BRDA:179,8,1,6
BRDA:183,9,0,1
BRDA:183,9,1,5
BRF:18
BRH:18
end_of_record
TN:
SF:/data/WORKSPACE/LeftClick.io/ice-swap/contracts/test/ERC20Mock.sol
FN:13,constructor
FN:17,mint
FN:21,decimals
FNF:3
FNH:3
FNDA:47,constructor
FNDA:72,mint
FNDA:44,decimals
DA:14,47
DA:18,72
DA:22,44
LF:3
LH:3
BRF:0
BRH:0
end_of_record
